<?xml version="1.0" encoding="UTF-8" ?>
<testsuite failures="0" time="0.07" errors="0" skipped="0" tests="2" name="test.ITest">
  <properties>
    <property name="java.runtime.name" value="Java(TM) SE Runtime Environment"/>
    <property name="sun.boot.library.path" value="C:\Java\jdk1.7.0_67\jre\bin"/>
    <property name="java.vm.version" value="24.65-b04"/>
    <property name="java.vm.vendor" value="Oracle Corporation"/>
    <property name="java.vendor.url" value="http://java.oracle.com/"/>
    <property name="path.separator" value=";"/>
    <property name="java.vm.name" value="Java HotSpot(TM) Client VM"/>
    <property name="file.encoding.pkg" value="sun.io"/>
    <property name="user.script" value=""/>
    <property name="user.country" value="CN"/>
    <property name="sun.java.launcher" value="SUN_STANDARD"/>
    <property name="sun.os.patch.level" value="Service Pack 1"/>
    <property name="java.vm.specification.name" value="Java Virtual Machine Specification"/>
    <property name="user.dir" value="C:\8.5work\shiro_ssm"/>
    <property name="java.runtime.version" value="1.7.0_67-b01"/>
    <property name="java.awt.graphicsenv" value="sun.awt.Win32GraphicsEnvironment"/>
    <property name="basedir" value="C:\8.5work\shiro_ssm"/>
    <property name="java.endorsed.dirs" value="C:\Java\jdk1.7.0_67\jre\lib\endorsed"/>
    <property name="os.arch" value="x86"/>
    <property name="surefire.real.class.path" value="C:\Users\ADMINI~1\AppData\Local\Temp\surefirebooter654374452398429159.jar"/>
    <property name="java.io.tmpdir" value="C:\Users\ADMINI~1\AppData\Local\Temp\"/>
    <property name="line.separator" value="
"/>
    <property name="java.vm.specification.vendor" value="Oracle Corporation"/>
    <property name="user.variant" value=""/>
    <property name="os.name" value="Windows 7"/>
    <property name="sun.jnu.encoding" value="GBK"/>
    <property name="java.library.path" value="C:\Java\jdk1.7.0_67\jre\bin;C:\Windows\Sun\Java\bin;C:\Windows\system32;C:\Windows;C:/MyEclipse 8.5/AppData/Local/Genuitec/Common/binary/com.sun.java.jdk.win32.x86_1.6.0.013/jre/bin/client;C:/MyEclipse 8.5/AppData/Local/Genuitec/Common/binary/com.sun.java.jdk.win32.x86_1.6.0.013/jre/bin;C:\Program Files (x86)\NVIDIA Corporation\PhysX\Common;C:\Program Files (x86)\Intel\iCLS Client\;C:\Program Files\Intel\iCLS Client\;C:\Windows\system32;C:\Windows;C:\Windows\System32\Wbem;C:\Windows\System32\WindowsPowerShell\v1.0\;C:\Program Files\Intel\Intel(R) Management Engine Components\DAL;C:\Program Files\Intel\Intel(R) Management Engine Components\IPT;C:\Program Files (x86)\Intel\Intel(R) Management Engine Components\DAL;C:\Program Files (x86)\Intel\Intel(R) Management Engine Components\IPT;C:\Java\jdk1.7.0_67\bin;C:\Java\jdk1.7.0_67\jre\bin;;."/>
    <property name="surefire.test.class.path" value="C:\8.5work\shiro_ssm\target\test-classes;C:\8.5work\shiro_ssm\target\classes;C:\Users\Administrator\.m2\repository\junit\junit\4.7\junit-4.7.jar;C:\Users\Administrator\.m2\repository\org\apache\httpcomponents\httpclient-cache\4.2.5\httpclient-cache-4.2.5.jar;C:\Users\Administrator\.m2\repository\org\apache\httpcomponents\httpclient\4.2.5\httpclient-4.2.5.jar;C:\Users\Administrator\.m2\repository\org\apache\httpcomponents\httpcore\4.2.4\httpcore-4.2.4.jar;C:\Users\Administrator\.m2\repository\commons-logging\commons-logging\1.1.3\commons-logging-1.1.3.jar;C:\Users\Administrator\.m2\repository\commons-codec\commons-codec\1.10\commons-codec-1.10.jar;C:\Users\Administrator\.m2\repository\org\apache\httpcomponents\httpmime\4.2.5\httpmime-4.2.5.jar;C:\Users\Administrator\.m2\repository\org\apache\openejb\javaee-api\5.0-1\javaee-api-5.0-1.jar;C:\Users\Administrator\.m2\repository\javax\faces\jsf-api\1.2_04\jsf-api-1.2_04.jar;C:\Users\Administrator\.m2\repository\javax\servlet\jstl\1.2\jstl-1.2.jar;C:\Users\Administrator\.m2\repository\javax\faces\jsf-impl\1.2_04\jsf-impl-1.2_04.jar;C:\Users\Administrator\.m2\repository\org\mybatis\mybatis\3.1.0\mybatis-3.1.0.jar;C:\Users\Administrator\.m2\repository\org\springframework\spring-test\4.2.5.RELEASE\spring-test-4.2.5.RELEASE.jar;C:\Users\Administrator\.m2\repository\org\springframework\spring-core\4.2.5.RELEASE\spring-core-4.2.5.RELEASE.jar;C:\Users\Administrator\.m2\repository\org\springframework\spring-webmvc\4.2.5.RELEASE\spring-webmvc-4.2.5.RELEASE.jar;C:\Users\Administrator\.m2\repository\org\springframework\spring-beans\4.2.5.RELEASE\spring-beans-4.2.5.RELEASE.jar;C:\Users\Administrator\.m2\repository\org\springframework\spring-context\4.2.5.RELEASE\spring-context-4.2.5.RELEASE.jar;C:\Users\Administrator\.m2\repository\org\springframework\spring-aop\4.2.5.RELEASE\spring-aop-4.2.5.RELEASE.jar;C:\Users\Administrator\.m2\repository\aopalliance\aopalliance\1.0\aopalliance-1.0.jar;C:\Users\Administrator\.m2\repository\org\springframework\spring-expression\4.2.5.RELEASE\spring-expression-4.2.5.RELEASE.jar;C:\Users\Administrator\.m2\repository\org\springframework\spring-web\4.2.5.RELEASE\spring-web-4.2.5.RELEASE.jar;C:\Users\Administrator\.m2\repository\org\springframework\spring-context-support\4.2.5.RELEASE\spring-context-support-4.2.5.RELEASE.jar;C:\Users\Administrator\.m2\repository\org\springframework\spring-jdbc\4.2.5.RELEASE\spring-jdbc-4.2.5.RELEASE.jar;C:\Users\Administrator\.m2\repository\org\springframework\spring-tx\4.2.5.RELEASE\spring-tx-4.2.5.RELEASE.jar;C:\Users\Administrator\.m2\repository\org\mybatis\mybatis-spring\1.1.1\mybatis-spring-1.1.1.jar;C:\Users\Administrator\.m2\repository\mysql\mysql-connector-java\5.1.21\mysql-connector-java-5.1.21.jar;C:\Users\Administrator\.m2\repository\com\alibaba\druid\1.0.18\druid-1.0.18.jar;C:\Java\jdk1.7.0_67\jre\..\lib\jconsole.jar;C:\Java\jdk1.7.0_67\jre\..\lib\tools.jar;C:\Users\Administrator\.m2\repository\org\aspectj\aspectjweaver\1.7.1\aspectjweaver-1.7.1.jar;C:\Users\Administrator\.m2\repository\org\codehaus\jackson\jackson-mapper-asl\1.9.11\jackson-mapper-asl-1.9.11.jar;C:\Users\Administrator\.m2\repository\org\codehaus\jackson\jackson-core-asl\1.9.11\jackson-core-asl-1.9.11.jar;C:\Users\Administrator\.m2\repository\commons-fileupload\commons-fileupload\1.2.2\commons-fileupload-1.2.2.jar;C:\Users\Administrator\.m2\repository\log4j\log4j\1.2.17\log4j-1.2.17.jar;C:\Users\Administrator\.m2\repository\org\slf4j\slf4j-log4j12\1.7.16\slf4j-log4j12-1.7.16.jar;C:\Users\Administrator\.m2\repository\org\slf4j\slf4j-api\1.7.16\slf4j-api-1.7.16.jar;C:\Users\Administrator\.m2\repository\com\alibaba\fastjson\1.1.26\fastjson-1.1.26.jar;C:\Users\Administrator\.m2\repository\commons-attributes\commons-attributes-api\2.1\commons-attributes-api-2.1.jar;C:\Users\Administrator\.m2\repository\ant\ant\1.6.5\ant-1.6.5.jar;C:\Users\Administrator\.m2\repository\qdox\qdox\1.5\qdox-1.5.jar;C:\Users\Administrator\.m2\repository\commons-attributes\commons-attributes-compiler\2.1\commons-attributes-compiler-2.1.jar;C:\Users\Administrator\.m2\repository\commons-beanutils\commons-beanutils-core\1.8.3\commons-beanutils-core-1.8.3.jar;C:\Users\Administrator\.m2\repository\commons-collections\commons-collections\3.2.2\commons-collections-3.2.2.jar;C:\Users\Administrator\.m2\repository\commons-dbcp\commons-dbcp\1.4\commons-dbcp-1.4.jar;C:\Users\Administrator\.m2\repository\commons-pool\commons-pool\1.6\commons-pool-1.6.jar;C:\Users\Administrator\.m2\repository\commons-httpclient\commons-httpclient\3.1\commons-httpclient-3.1.jar;C:\Users\Administrator\.m2\repository\commons-io\commons-io\2.4\commons-io-2.4.jar;C:\Users\Administrator\.m2\repository\commons-lang\commons-lang\2.6\commons-lang-2.6.jar;C:\Users\Administrator\.m2\repository\net\sf\ezmorph\ezmorph\1.0.6\ezmorph-1.0.6.jar;C:\Users\Administrator\.m2\repository\org\freemarker\freemarker\2.3.20\freemarker-2.3.20.jar;C:\Users\Administrator\.m2\repository\net\sf\json-lib\json-lib\2.4\json-lib-2.4-jdk15.jar;C:\Users\Administrator\.m2\repository\commons-beanutils\commons-beanutils\1.8.0\commons-beanutils-1.8.0.jar;C:\Users\Administrator\.m2\repository\org\opensymphony\quartz\quartz\1.6.1\quartz-1.6.1.jar;C:\Users\Administrator\.m2\repository\org\apache\shiro\shiro-core\1.2.2\shiro-core-1.2.2.jar;C:\Users\Administrator\.m2\repository\org\apache\shiro\shiro-web\1.2.2\shiro-web-1.2.2.jar;C:\Users\Administrator\.m2\repository\org\apache\shiro\shiro-quartz\1.2.2\shiro-quartz-1.2.2.jar;C:\Users\Administrator\.m2\repository\org\apache\shiro\shiro-spring\1.2.2\shiro-spring-1.2.2.jar;C:\Users\Administrator\.m2\repository\redis\clients\jedis\2.8.0\jedis-2.8.0.jar;C:\Users\Administrator\.m2\repository\org\apache\commons\commons-pool2\2.3\commons-pool2-2.3.jar;C:\Users\Administrator\.m2\repository\com\fasterxml\jackson\core\jackson-databind\2.7.4\jackson-databind-2.7.4.jar;C:\Users\Administrator\.m2\repository\com\fasterxml\jackson\core\jackson-annotations\2.7.4\jackson-annotations-2.7.4.jar;C:\Users\Administrator\.m2\repository\com\fasterxml\jackson\core\jackson-core\2.7.4\jackson-core-2.7.4.jar;"/>
    <property name="java.specification.name" value="Java Platform API Specification"/>
    <property name="java.class.version" value="51.0"/>
    <property name="sun.management.compiler" value="HotSpot Client Compiler"/>
    <property name="os.version" value="6.1"/>
    <property name="user.home" value="C:\Users\Administrator"/>
    <property name="user.timezone" value=""/>
    <property name="java.awt.printerjob" value="sun.awt.windows.WPrinterJob"/>
    <property name="java.specification.version" value="1.7"/>
    <property name="file.encoding" value="GBK"/>
    <property name="user.name" value="Administrator"/>
    <property name="java.class.path" value="C:\8.5work\shiro_ssm\target\test-classes;C:\8.5work\shiro_ssm\target\classes;C:\Users\Administrator\.m2\repository\junit\junit\4.7\junit-4.7.jar;C:\Users\Administrator\.m2\repository\org\apache\httpcomponents\httpclient-cache\4.2.5\httpclient-cache-4.2.5.jar;C:\Users\Administrator\.m2\repository\org\apache\httpcomponents\httpclient\4.2.5\httpclient-4.2.5.jar;C:\Users\Administrator\.m2\repository\org\apache\httpcomponents\httpcore\4.2.4\httpcore-4.2.4.jar;C:\Users\Administrator\.m2\repository\commons-logging\commons-logging\1.1.3\commons-logging-1.1.3.jar;C:\Users\Administrator\.m2\repository\commons-codec\commons-codec\1.10\commons-codec-1.10.jar;C:\Users\Administrator\.m2\repository\org\apache\httpcomponents\httpmime\4.2.5\httpmime-4.2.5.jar;C:\Users\Administrator\.m2\repository\org\apache\openejb\javaee-api\5.0-1\javaee-api-5.0-1.jar;C:\Users\Administrator\.m2\repository\javax\faces\jsf-api\1.2_04\jsf-api-1.2_04.jar;C:\Users\Administrator\.m2\repository\javax\servlet\jstl\1.2\jstl-1.2.jar;C:\Users\Administrator\.m2\repository\javax\faces\jsf-impl\1.2_04\jsf-impl-1.2_04.jar;C:\Users\Administrator\.m2\repository\org\mybatis\mybatis\3.1.0\mybatis-3.1.0.jar;C:\Users\Administrator\.m2\repository\org\springframework\spring-test\4.2.5.RELEASE\spring-test-4.2.5.RELEASE.jar;C:\Users\Administrator\.m2\repository\org\springframework\spring-core\4.2.5.RELEASE\spring-core-4.2.5.RELEASE.jar;C:\Users\Administrator\.m2\repository\org\springframework\spring-webmvc\4.2.5.RELEASE\spring-webmvc-4.2.5.RELEASE.jar;C:\Users\Administrator\.m2\repository\org\springframework\spring-beans\4.2.5.RELEASE\spring-beans-4.2.5.RELEASE.jar;C:\Users\Administrator\.m2\repository\org\springframework\spring-context\4.2.5.RELEASE\spring-context-4.2.5.RELEASE.jar;C:\Users\Administrator\.m2\repository\org\springframework\spring-aop\4.2.5.RELEASE\spring-aop-4.2.5.RELEASE.jar;C:\Users\Administrator\.m2\repository\aopalliance\aopalliance\1.0\aopalliance-1.0.jar;C:\Users\Administrator\.m2\repository\org\springframework\spring-expression\4.2.5.RELEASE\spring-expression-4.2.5.RELEASE.jar;C:\Users\Administrator\.m2\repository\org\springframework\spring-web\4.2.5.RELEASE\spring-web-4.2.5.RELEASE.jar;C:\Users\Administrator\.m2\repository\org\springframework\spring-context-support\4.2.5.RELEASE\spring-context-support-4.2.5.RELEASE.jar;C:\Users\Administrator\.m2\repository\org\springframework\spring-jdbc\4.2.5.RELEASE\spring-jdbc-4.2.5.RELEASE.jar;C:\Users\Administrator\.m2\repository\org\springframework\spring-tx\4.2.5.RELEASE\spring-tx-4.2.5.RELEASE.jar;C:\Users\Administrator\.m2\repository\org\mybatis\mybatis-spring\1.1.1\mybatis-spring-1.1.1.jar;C:\Users\Administrator\.m2\repository\mysql\mysql-connector-java\5.1.21\mysql-connector-java-5.1.21.jar;C:\Users\Administrator\.m2\repository\com\alibaba\druid\1.0.18\druid-1.0.18.jar;C:\Java\jdk1.7.0_67\jre\..\lib\jconsole.jar;C:\Java\jdk1.7.0_67\jre\..\lib\tools.jar;C:\Users\Administrator\.m2\repository\org\aspectj\aspectjweaver\1.7.1\aspectjweaver-1.7.1.jar;C:\Users\Administrator\.m2\repository\org\codehaus\jackson\jackson-mapper-asl\1.9.11\jackson-mapper-asl-1.9.11.jar;C:\Users\Administrator\.m2\repository\org\codehaus\jackson\jackson-core-asl\1.9.11\jackson-core-asl-1.9.11.jar;C:\Users\Administrator\.m2\repository\commons-fileupload\commons-fileupload\1.2.2\commons-fileupload-1.2.2.jar;C:\Users\Administrator\.m2\repository\log4j\log4j\1.2.17\log4j-1.2.17.jar;C:\Users\Administrator\.m2\repository\org\slf4j\slf4j-log4j12\1.7.16\slf4j-log4j12-1.7.16.jar;C:\Users\Administrator\.m2\repository\org\slf4j\slf4j-api\1.7.16\slf4j-api-1.7.16.jar;C:\Users\Administrator\.m2\repository\com\alibaba\fastjson\1.1.26\fastjson-1.1.26.jar;C:\Users\Administrator\.m2\repository\commons-attributes\commons-attributes-api\2.1\commons-attributes-api-2.1.jar;C:\Users\Administrator\.m2\repository\ant\ant\1.6.5\ant-1.6.5.jar;C:\Users\Administrator\.m2\repository\qdox\qdox\1.5\qdox-1.5.jar;C:\Users\Administrator\.m2\repository\commons-attributes\commons-attributes-compiler\2.1\commons-attributes-compiler-2.1.jar;C:\Users\Administrator\.m2\repository\commons-beanutils\commons-beanutils-core\1.8.3\commons-beanutils-core-1.8.3.jar;C:\Users\Administrator\.m2\repository\commons-collections\commons-collections\3.2.2\commons-collections-3.2.2.jar;C:\Users\Administrator\.m2\repository\commons-dbcp\commons-dbcp\1.4\commons-dbcp-1.4.jar;C:\Users\Administrator\.m2\repository\commons-pool\commons-pool\1.6\commons-pool-1.6.jar;C:\Users\Administrator\.m2\repository\commons-httpclient\commons-httpclient\3.1\commons-httpclient-3.1.jar;C:\Users\Administrator\.m2\repository\commons-io\commons-io\2.4\commons-io-2.4.jar;C:\Users\Administrator\.m2\repository\commons-lang\commons-lang\2.6\commons-lang-2.6.jar;C:\Users\Administrator\.m2\repository\net\sf\ezmorph\ezmorph\1.0.6\ezmorph-1.0.6.jar;C:\Users\Administrator\.m2\repository\org\freemarker\freemarker\2.3.20\freemarker-2.3.20.jar;C:\Users\Administrator\.m2\repository\net\sf\json-lib\json-lib\2.4\json-lib-2.4-jdk15.jar;C:\Users\Administrator\.m2\repository\commons-beanutils\commons-beanutils\1.8.0\commons-beanutils-1.8.0.jar;C:\Users\Administrator\.m2\repository\org\opensymphony\quartz\quartz\1.6.1\quartz-1.6.1.jar;C:\Users\Administrator\.m2\repository\org\apache\shiro\shiro-core\1.2.2\shiro-core-1.2.2.jar;C:\Users\Administrator\.m2\repository\org\apache\shiro\shiro-web\1.2.2\shiro-web-1.2.2.jar;C:\Users\Administrator\.m2\repository\org\apache\shiro\shiro-quartz\1.2.2\shiro-quartz-1.2.2.jar;C:\Users\Administrator\.m2\repository\org\apache\shiro\shiro-spring\1.2.2\shiro-spring-1.2.2.jar;C:\Users\Administrator\.m2\repository\redis\clients\jedis\2.8.0\jedis-2.8.0.jar;C:\Users\Administrator\.m2\repository\org\apache\commons\commons-pool2\2.3\commons-pool2-2.3.jar;C:\Users\Administrator\.m2\repository\com\fasterxml\jackson\core\jackson-databind\2.7.4\jackson-databind-2.7.4.jar;C:\Users\Administrator\.m2\repository\com\fasterxml\jackson\core\jackson-annotations\2.7.4\jackson-annotations-2.7.4.jar;C:\Users\Administrator\.m2\repository\com\fasterxml\jackson\core\jackson-core\2.7.4\jackson-core-2.7.4.jar;"/>
    <property name="java.vm.specification.version" value="1.7"/>
    <property name="sun.arch.data.model" value="32"/>
    <property name="java.home" value="C:\Java\jdk1.7.0_67\jre"/>
    <property name="sun.java.command" value="C:\Users\ADMINI~1\AppData\Local\Temp\surefirebooter654374452398429159.jar C:\Users\ADMINI~1\AppData\Local\Temp\surefire5781153893001336201tmp C:\Users\ADMINI~1\AppData\Local\Temp\surefire4518064854834116203tmp"/>
    <property name="java.specification.vendor" value="Oracle Corporation"/>
    <property name="user.language" value="zh"/>
    <property name="awt.toolkit" value="sun.awt.windows.WToolkit"/>
    <property name="java.vm.info" value="mixed mode, sharing"/>
    <property name="java.version" value="1.7.0_67"/>
    <property name="java.ext.dirs" value="C:\Java\jdk1.7.0_67\jre\lib\ext;C:\Windows\Sun\Java\lib\ext"/>
    <property name="sun.boot.class.path" value="C:\Java\jdk1.7.0_67\jre\lib\resources.jar;C:\Java\jdk1.7.0_67\jre\lib\rt.jar;C:\Java\jdk1.7.0_67\jre\lib\sunrsasign.jar;C:\Java\jdk1.7.0_67\jre\lib\jsse.jar;C:\Java\jdk1.7.0_67\jre\lib\jce.jar;C:\Java\jdk1.7.0_67\jre\lib\charsets.jar;C:\Java\jdk1.7.0_67\jre\lib\jfr.jar;C:\Java\jdk1.7.0_67\jre\classes"/>
    <property name="java.vendor" value="Oracle Corporation"/>
    <property name="localRepository" value="C:\Users\Administrator\.m2\repository"/>
    <property name="file.separator" value="\"/>
    <property name="java.vendor.url.bug" value="http://bugreport.sun.com/bugreport/"/>
    <property name="sun.cpu.endian" value="little"/>
    <property name="sun.io.unicode.encoding" value="UnicodeLittle"/>
    <property name="sun.desktop" value="windows"/>
    <property name="sun.cpu.isalist" value="pentium_pro+mmx pentium_pro pentium+mmx pentium i486 i386 i86"/>
  </properties>
  <testcase time="0" classname="test.ITest" name="wdw"/>
  <testcase time="0.07" classname="test.ITest" name="main"/>
</testsuite>